<?xml version="1.0" encoding="UTF-8"?>
<TestRun id="c48ed999-afea-4163-922e-b1a448cb0dd3" name="ivia_antonio@NOTE-ANTONIOJR 2012-01-12 11:37:26" runUser="ETTUSA\ivia_antonio" xmlns="http://microsoft.com/schemas/VisualStudio/TeamTest/2010">
  <TestSettings name="Local" id="903c2975-19eb-4005-b9bb-37cf8b14a64f">
    <Description>These are default test settings for a local test run.</Description>
    <Deployment enabled="false" runDeploymentRoot="ivia_antonio_NOTE-ANTONIOJR 2012-01-12 11_37_26">
      <DeploymentItem filename="C:\Ivia\dojo\TestabilityEF4\packages\EntityFramework.4.2.0.0\lib\net40\EntityFramework.dll" />
      <DeploymentItem filename="C:\Ivia\dojo\TestabilityEF4\Dominio\bin\Debug\Dominio.dll" />
      <DeploymentItem filename="C:\RedeInova\MyOrbe\RedeInova.Comum\bin\Debug\RedeInova.Comum.dll" />
    </Deployment>
    <Execution>
      <TestTypeSpecific />
      <AgentRule name="Execution Agents">
      </AgentRule>
    </Execution>
  </TestSettings>
  <Times creation="2012-01-12T11:37:26.5911752-03:00" queuing="2012-01-12T11:37:32.3531752-03:00" start="2012-01-12T11:37:32.7611752-03:00" finish="2012-01-12T11:39:01.8181752-03:00" />
  <ResultSummary outcome="Error">
    <Counters total="1" executed="1" error="0" failed="0" timeout="0" aborted="1" inconclusive="0" passedButRunAborted="0" notRunnable="0" notExecuted="0" disconnected="0" warning="0" passed="0" completed="0" inProgress="0" pending="0" />
    <RunInfos>
      <RunInfo computerName="NOTE-ANTONIOJR" outcome="Error" timestamp="2012-01-12T11:39:01.8111752-03:00">
        <Text>Test host process exited unexpectedly.</Text>
      </RunInfo>
    </RunInfos>
  </ResultSummary>
  <TestDefinitions>
    <UnitTest name="Seu_Email_Deve_Ser_Unico" storage="c:\ivia\dojo\testabilityef4\dominio.tests\bin\debug\dominio.tests.dll" id="13aed554-06ec-83fb-856d-36601abacd57">
      <Execution id="84e79796-fefd-4baa-8225-2d7177cc6efa" />
      <TestMethod codeBase="C:/Ivia/dojo/TestabilityEF4/Dominio.Tests/bin/Debug/Dominio.Tests.DLL" adapterTypeName="Microsoft.VisualStudio.TestTools.TestTypes.Unit.UnitTestAdapter, Microsoft.VisualStudio.QualityTools.Tips.UnitTest.Adapter, Version=10.0.0.0, Culture=neutral, PublicKeyToken=b03f5f7f11d50a3a" className="Dominio.Tests.Ao_Criar_Um_Usuario, Dominio.Tests, Version=1.0.0.0, Culture=neutral, PublicKeyToken=null" name="Seu_Email_Deve_Ser_Unico" />
    </UnitTest>
  </TestDefinitions>
  <TestLists>
    <TestList name="Results Not in a List" id="8c84fa94-04c1-424b-9868-57a2d4851a1d" />
    <TestList name="All Loaded Results" id="19431567-8539-422a-85d7-44ee4e166bda" />
  </TestLists>
  <TestEntries>
    <TestEntry testId="13aed554-06ec-83fb-856d-36601abacd57" executionId="84e79796-fefd-4baa-8225-2d7177cc6efa" testListId="8c84fa94-04c1-424b-9868-57a2d4851a1d" />
  </TestEntries>
  <Results>
    <UnitTestResult executionId="84e79796-fefd-4baa-8225-2d7177cc6efa" testId="13aed554-06ec-83fb-856d-36601abacd57" testName="Seu_Email_Deve_Ser_Unico" computerName="NOTE-ANTONIOJR" duration="00:01:28.7930000" startTime="2012-01-12T11:37:33.0251752-03:00" endTime="2012-01-12T11:39:01.8181752-03:00" testType="13cdc9d9-ddb5-4fa4-a97d-d965ccfc6d4b" outcome="Aborted" testListId="8c84fa94-04c1-424b-9868-57a2d4851a1d" relativeResultsDirectory="84e79796-fefd-4baa-8225-2d7177cc6efa">
    </UnitTestResult>
  </Results>
</TestRun>