<?xml version="1.0" encoding="UTF-8"?>
<TestRun id="b63f8083-b444-418c-a491-b2cd81df96a4" name="ivia_antonio@NOTE-ANTONIOJR 2012-01-12 12:43:02" runUser="ETTUSA\ivia_antonio" xmlns="http://microsoft.com/schemas/VisualStudio/TeamTest/2010">
  <TestSettings name="Local" id="903c2975-19eb-4005-b9bb-37cf8b14a64f">
    <Description>These are default test settings for a local test run.</Description>
    <Deployment enabled="false" runDeploymentRoot="ivia_antonio_NOTE-ANTONIOJR 2012-01-12 12_43_02">
      <DeploymentItem filename="C:\Ivia\dojo\TestabilityEF4\packages\EntityFramework.4.2.0.0\lib\net40\EntityFramework.dll" />
      <DeploymentItem filename="C:\Ivia\dojo\TestabilityEF4\Dominio\bin\Debug\Dominio.dll" />
      <DeploymentItem filename="C:\RedeInova\MyOrbe\RedeInova.Comum\bin\Debug\RedeInova.Comum.dll" />
    </Deployment>
    <Execution>
      <TestTypeSpecific />
      <AgentRule name="Execution Agents">
      </AgentRule>
    </Execution>
  </TestSettings>
  <Times creation="2012-01-12T12:43:02.4601769-03:00" queuing="2012-01-12T12:43:02.5461769-03:00" start="2012-01-12T12:43:02.5741769-03:00" finish="2012-01-12T12:43:03.1261769-03:00" />
  <ResultSummary outcome="Failed">
    <Counters total="3" executed="3" passed="2" error="0" failed="1" timeout="0" aborted="0" inconclusive="0" passedButRunAborted="0" notRunnable="0" notExecuted="0" disconnected="0" warning="0" completed="0" inProgress="0" pending="0" />
  </ResultSummary>
  <TestDefinitions>
    <UnitTest name="Seu_Email_Deve_Ser_Unico" storage="c:\ivia\dojo\testabilityef4\dominio.tests\bin\debug\dominio.tests.dll" id="13aed554-06ec-83fb-856d-36601abacd57">
      <Execution id="82c15847-76ec-4b89-b00d-2a95fbbb8540" />
      <TestMethod codeBase="C:/Ivia/dojo/TestabilityEF4/Dominio.Tests/bin/Debug/Dominio.Tests.DLL" adapterTypeName="Microsoft.VisualStudio.TestTools.TestTypes.Unit.UnitTestAdapter, Microsoft.VisualStudio.QualityTools.Tips.UnitTest.Adapter, Version=10.0.0.0, Culture=neutral, PublicKeyToken=b03f5f7f11d50a3a" className="Dominio.Tests.Ao_Criar_Um_Usuario, Dominio.Tests, Version=1.0.0.0, Culture=neutral, PublicKeyToken=null" name="Seu_Email_Deve_Ser_Unico" />
    </UnitTest>
    <UnitTest name="Nome_Senha_Email_Sao_Obrigatorios" storage="c:\ivia\dojo\testabilityef4\dominio.tests\bin\debug\dominio.tests.dll" id="fa401ce8-e7a3-23f6-bacd-fe17daa6c174">
      <Execution id="d55e040d-90e7-4e87-a5fe-6255f69366b7" />
      <TestMethod codeBase="C:/Ivia/dojo/TestabilityEF4/Dominio.Tests/bin/Debug/Dominio.Tests.DLL" adapterTypeName="Microsoft.VisualStudio.TestTools.TestTypes.Unit.UnitTestAdapter, Microsoft.VisualStudio.QualityTools.Tips.UnitTest.Adapter, Version=10.0.0.0, Culture=neutral, PublicKeyToken=b03f5f7f11d50a3a" className="Dominio.Tests.Ao_Criar_Um_Usuario, Dominio.Tests, Version=1.0.0.0, Culture=neutral, PublicKeyToken=null" name="Nome_Senha_Email_Sao_Obrigatorios" />
    </UnitTest>
    <UnitTest name="Seu_Email_Deve_Estar_Em_Formato_Valido" storage="c:\ivia\dojo\testabilityef4\dominio.tests\bin\debug\dominio.tests.dll" id="b132a76c-ea09-055d-9f92-c68a3d36e13b">
      <Execution id="6d7bf7f7-8b46-4db5-a543-5d2d1d287a37" />
      <TestMethod codeBase="C:/Ivia/dojo/TestabilityEF4/Dominio.Tests/bin/Debug/Dominio.Tests.DLL" adapterTypeName="Microsoft.VisualStudio.TestTools.TestTypes.Unit.UnitTestAdapter, Microsoft.VisualStudio.QualityTools.Tips.UnitTest.Adapter, Version=10.0.0.0, Culture=neutral, PublicKeyToken=b03f5f7f11d50a3a" className="Dominio.Tests.Ao_Criar_Um_Usuario, Dominio.Tests, Version=1.0.0.0, Culture=neutral, PublicKeyToken=null" name="Seu_Email_Deve_Estar_Em_Formato_Valido" />
    </UnitTest>
  </TestDefinitions>
  <TestLists>
    <TestList name="Results Not in a List" id="8c84fa94-04c1-424b-9868-57a2d4851a1d" />
    <TestList name="All Loaded Results" id="19431567-8539-422a-85d7-44ee4e166bda" />
  </TestLists>
  <TestEntries>
    <TestEntry testId="13aed554-06ec-83fb-856d-36601abacd57" executionId="82c15847-76ec-4b89-b00d-2a95fbbb8540" testListId="8c84fa94-04c1-424b-9868-57a2d4851a1d" />
    <TestEntry testId="b132a76c-ea09-055d-9f92-c68a3d36e13b" executionId="6d7bf7f7-8b46-4db5-a543-5d2d1d287a37" testListId="8c84fa94-04c1-424b-9868-57a2d4851a1d" />
    <TestEntry testId="fa401ce8-e7a3-23f6-bacd-fe17daa6c174" executionId="d55e040d-90e7-4e87-a5fe-6255f69366b7" testListId="8c84fa94-04c1-424b-9868-57a2d4851a1d" />
  </TestEntries>
  <Results>
    <UnitTestResult executionId="82c15847-76ec-4b89-b00d-2a95fbbb8540" testId="13aed554-06ec-83fb-856d-36601abacd57" testName="Seu_Email_Deve_Ser_Unico" computerName="NOTE-ANTONIOJR" duration="00:00:00.0462754" startTime="2012-01-12T12:43:02.5801769-03:00" endTime="2012-01-12T12:43:02.9711769-03:00" testType="13cdc9d9-ddb5-4fa4-a97d-d965ccfc6d4b" outcome="Passed" testListId="8c84fa94-04c1-424b-9868-57a2d4851a1d" relativeResultsDirectory="82c15847-76ec-4b89-b00d-2a95fbbb8540">
    </UnitTestResult>
    <UnitTestResult executionId="6d7bf7f7-8b46-4db5-a543-5d2d1d287a37" testId="b132a76c-ea09-055d-9f92-c68a3d36e13b" testName="Seu_Email_Deve_Estar_Em_Formato_Valido" computerName="NOTE-ANTONIOJR" duration="00:00:00.0040405" startTime="2012-01-12T12:43:02.9831769-03:00" endTime="2012-01-12T12:43:02.9921769-03:00" testType="13cdc9d9-ddb5-4fa4-a97d-d965ccfc6d4b" outcome="Passed" testListId="8c84fa94-04c1-424b-9868-57a2d4851a1d" relativeResultsDirectory="6d7bf7f7-8b46-4db5-a543-5d2d1d287a37">
    </UnitTestResult>
    <UnitTestResult executionId="d55e040d-90e7-4e87-a5fe-6255f69366b7" testId="fa401ce8-e7a3-23f6-bacd-fe17daa6c174" testName="Nome_Senha_Email_Sao_Obrigatorios" computerName="NOTE-ANTONIOJR" duration="00:00:00.0407281" startTime="2012-01-12T12:43:03.0131769-03:00" endTime="2012-01-12T12:43:03.0741769-03:00" testType="13cdc9d9-ddb5-4fa4-a97d-d965ccfc6d4b" outcome="Failed" testListId="8c84fa94-04c1-424b-9868-57a2d4851a1d" relativeResultsDirectory="d55e040d-90e7-4e87-a5fe-6255f69366b7">
      <Output>
        <ErrorInfo>
          <Message>Assert.IsNotNull failed. </Message>
          <StackTrace>   at Dominio.Tests.Ao_Criar_Um_Usuario.Nome_Senha_Email_Sao_Obrigatorios() in C:\Ivia\dojo\TestabilityEF4\Dominio.Tests\UsuarioTests.cs:line 43
</StackTrace>
        </ErrorInfo>
      </Output>
    </UnitTestResult>
  </Results>
</TestRun>