<?xml version="1.0" encoding="UTF-8"?>
<TestRun id="a57946dd-ae22-4543-a778-a071e3945b2d" name="ivia_antonio@NOTE-ANTONIOJR 2012-01-12 11:48:41" runUser="ETTUSA\ivia_antonio" xmlns="http://microsoft.com/schemas/VisualStudio/TeamTest/2010">
  <TestSettings name="Local" id="903c2975-19eb-4005-b9bb-37cf8b14a64f">
    <Description>These are default test settings for a local test run.</Description>
    <Deployment enabled="false" runDeploymentRoot="ivia_antonio_NOTE-ANTONIOJR 2012-01-12 11_48_41">
      <DeploymentItem filename="C:\Ivia\dojo\TestabilityEF4\packages\EntityFramework.4.2.0.0\lib\net40\EntityFramework.dll" />
      <DeploymentItem filename="C:\Ivia\dojo\TestabilityEF4\Dominio\bin\Debug\Dominio.dll" />
      <DeploymentItem filename="C:\RedeInova\MyOrbe\RedeInova.Comum\bin\Debug\RedeInova.Comum.dll" />
    </Deployment>
    <Execution>
      <TestTypeSpecific />
      <AgentRule name="Execution Agents">
      </AgentRule>
    </Execution>
  </TestSettings>
  <Times creation="2012-01-12T11:48:41.8221752-03:00" queuing="2012-01-12T11:48:41.9091752-03:00" start="2012-01-12T11:48:41.9981752-03:00" finish="2012-01-12T11:48:42.5061752-03:00" />
  <ResultSummary outcome="Completed">
    <Counters total="1" executed="1" passed="1" error="0" failed="0" timeout="0" aborted="0" inconclusive="0" passedButRunAborted="0" notRunnable="0" notExecuted="0" disconnected="0" warning="0" completed="0" inProgress="0" pending="0" />
  </ResultSummary>
  <TestDefinitions>
    <UnitTest name="Seu_Email_Deve_Ser_Unico" storage="c:\ivia\dojo\testabilityef4\dominio.tests\bin\debug\dominio.tests.dll" id="13aed554-06ec-83fb-856d-36601abacd57">
      <Execution id="61e4e829-d71b-427c-beb7-1615ba9057fb" />
      <TestMethod codeBase="C:/Ivia/dojo/TestabilityEF4/Dominio.Tests/bin/Debug/Dominio.Tests.DLL" adapterTypeName="Microsoft.VisualStudio.TestTools.TestTypes.Unit.UnitTestAdapter, Microsoft.VisualStudio.QualityTools.Tips.UnitTest.Adapter, Version=10.0.0.0, Culture=neutral, PublicKeyToken=b03f5f7f11d50a3a" className="Dominio.Tests.Ao_Criar_Um_Usuario, Dominio.Tests, Version=1.0.0.0, Culture=neutral, PublicKeyToken=null" name="Seu_Email_Deve_Ser_Unico" />
    </UnitTest>
  </TestDefinitions>
  <TestLists>
    <TestList name="Results Not in a List" id="8c84fa94-04c1-424b-9868-57a2d4851a1d" />
    <TestList name="All Loaded Results" id="19431567-8539-422a-85d7-44ee4e166bda" />
  </TestLists>
  <TestEntries>
    <TestEntry testId="13aed554-06ec-83fb-856d-36601abacd57" executionId="61e4e829-d71b-427c-beb7-1615ba9057fb" testListId="8c84fa94-04c1-424b-9868-57a2d4851a1d" />
  </TestEntries>
  <Results>
    <UnitTestResult executionId="61e4e829-d71b-427c-beb7-1615ba9057fb" testId="13aed554-06ec-83fb-856d-36601abacd57" testName="Seu_Email_Deve_Ser_Unico" computerName="NOTE-ANTONIOJR" duration="00:00:00.0420631" startTime="2012-01-12T11:48:42.0451752-03:00" endTime="2012-01-12T11:48:42.4471752-03:00" testType="13cdc9d9-ddb5-4fa4-a97d-d965ccfc6d4b" outcome="Passed" testListId="8c84fa94-04c1-424b-9868-57a2d4851a1d" relativeResultsDirectory="61e4e829-d71b-427c-beb7-1615ba9057fb">
    </UnitTestResult>
  </Results>
</TestRun>