<?xml version="1.0" encoding="UTF-8"?>
<TestRun id="53e0dfde-4841-40db-9284-9837a7bb2b82" name="Junior@NOTEBOOK 2012-01-14 16:17:53" runUser="Notebook\Junior" xmlns="http://microsoft.com/schemas/VisualStudio/TeamTest/2010">
  <TestSettings name="Local" id="903c2975-19eb-4005-b9bb-37cf8b14a64f">
    <Description>These are default test settings for a local test run.</Description>
    <Deployment enabled="false" runDeploymentRoot="Junior_NOTEBOOK 2012-01-14 16_17_53">
      <DeploymentItem filename="C:\IVIA\Dojo\TestabilityEF4\Dominio\bin\Debug\Dominio.dll" />
      <DeploymentItem filename="C:\IVIA\Dojo\TestabilityEF4\packages\EntityFramework.4.2.0.0\lib\net40\EntityFramework.dll" />
      <DeploymentItem filename="C:\IVIA\Dojo\TestabilityEF4\IVIA.Comum\bin\Debug\RedeInova.Comum.dll" />
    </Deployment>
    <Execution>
      <TestTypeSpecific />
      <AgentRule name="Execution Agents">
      </AgentRule>
    </Execution>
  </TestSettings>
  <Times creation="2012-01-14T16:17:53.6498244-02:00" queuing="2012-01-14T16:17:53.7848321-02:00" start="2012-01-14T16:17:53.8288346-02:00" finish="2012-01-14T16:17:54.3768660-02:00" />
  <ResultSummary outcome="Completed">
    <Counters total="1" executed="1" passed="1" error="0" failed="0" timeout="0" aborted="0" inconclusive="0" passedButRunAborted="0" notRunnable="0" notExecuted="0" disconnected="0" warning="0" completed="0" inProgress="0" pending="0" />
  </ResultSummary>
  <TestDefinitions>
    <UnitTest name="Seu_Email_Deve_Ser_Unico" storage="c:\ivia\dojo\testabilityef4\dominio.tests\bin\debug\dominio.tests.dll" id="19dd3519-a88f-2338-9b46-95d6e2248d98">
      <Execution id="a5ce0076-6fb3-4aff-a69c-c6ac4026a843" />
      <TestMethod codeBase="C:/IVIA/Dojo/TestabilityEF4/Dominio.Tests/bin/Debug/Dominio.Tests.DLL" adapterTypeName="Microsoft.VisualStudio.TestTools.TestTypes.Unit.UnitTestAdapter, Microsoft.VisualStudio.QualityTools.Tips.UnitTest.Adapter, Version=10.0.0.0, Culture=neutral, PublicKeyToken=b03f5f7f11d50a3a" className="Dominio.Tests.Ao_Alterar_Um_Usuario, Dominio.Tests, Version=1.0.0.0, Culture=neutral, PublicKeyToken=null" name="Seu_Email_Deve_Ser_Unico" />
    </UnitTest>
  </TestDefinitions>
  <TestLists>
    <TestList name="Results Not in a List" id="8c84fa94-04c1-424b-9868-57a2d4851a1d" />
    <TestList name="All Loaded Results" id="19431567-8539-422a-85d7-44ee4e166bda" />
  </TestLists>
  <TestEntries>
    <TestEntry testId="19dd3519-a88f-2338-9b46-95d6e2248d98" executionId="a5ce0076-6fb3-4aff-a69c-c6ac4026a843" testListId="8c84fa94-04c1-424b-9868-57a2d4851a1d" />
  </TestEntries>
  <Results>
    <UnitTestResult executionId="a5ce0076-6fb3-4aff-a69c-c6ac4026a843" testId="19dd3519-a88f-2338-9b46-95d6e2248d98" testName="Seu_Email_Deve_Ser_Unico" computerName="NOTEBOOK" duration="00:00:00.0499556" startTime="2012-01-14T16:17:53.8538361-02:00" endTime="2012-01-14T16:17:54.3538647-02:00" testType="13cdc9d9-ddb5-4fa4-a97d-d965ccfc6d4b" outcome="Passed" testListId="8c84fa94-04c1-424b-9868-57a2d4851a1d" relativeResultsDirectory="a5ce0076-6fb3-4aff-a69c-c6ac4026a843">
    </UnitTestResult>
  </Results>
</TestRun>