<?xml version="1.0" encoding="UTF-8"?>
<TestRun id="1c3efd0c-71a4-4485-8fbc-ac232f41ede6" name="Junior@NOTEBOOK 2012-01-13 22:39:15" runUser="Notebook\Junior" xmlns="http://microsoft.com/schemas/VisualStudio/TeamTest/2010">
  <TestSettings name="Local" id="903c2975-19eb-4005-b9bb-37cf8b14a64f">
    <Description>These are default test settings for a local test run.</Description>
    <Deployment enabled="false" runDeploymentRoot="Junior_NOTEBOOK 2012-01-13 22_39_15">
      <DeploymentItem filename="E:\Junior\IVIA\Dojo\TestabilityEF4\packages\EntityFramework.4.2.0.0\lib\net40\EntityFramework.dll" />
      <DeploymentItem filename="E:\Junior\IVIA\Dojo\TestabilityEF4\Dominio\bin\Debug\Dominio.dll" />
      <DeploymentItem filename="E:\Junior\IVIA\Dojo\TestabilityEF4\IVIA.Comum\bin\Debug\RedeInova.Comum.dll" />
    </Deployment>
    <Execution>
      <TestTypeSpecific />
      <AgentRule name="Execution Agents">
      </AgentRule>
    </Execution>
  </TestSettings>
  <Times creation="2012-01-13T22:39:15.4543122-02:00" queuing="2012-01-13T22:39:18.7635015-02:00" start="2012-01-13T22:39:19.1045210-02:00" finish="2012-01-13T22:40:41.6542426-02:00" />
  <ResultSummary outcome="Failed">
    <Counters total="1" executed="1" error="0" failed="1" timeout="0" aborted="0" inconclusive="0" passedButRunAborted="0" notRunnable="0" notExecuted="0" disconnected="0" warning="0" passed="0" completed="0" inProgress="0" pending="0" />
  </ResultSummary>
  <TestDefinitions>
    <UnitTest name="Nome_Senha_Email_Sao_Obrigatorios" storage="e:\junior\ivia\dojo\testabilityef4\dominio.tests\bin\debug\dominio.tests.dll" id="fa401ce8-e7a3-23f6-bacd-fe17daa6c174">
      <Execution id="877fc4ff-1ce3-4edf-ab6f-b8822cd44d10" />
      <TestMethod codeBase="E:/Junior/IVIA/Dojo/TestabilityEF4/Dominio.Tests/bin/Debug/Dominio.Tests.DLL" adapterTypeName="Microsoft.VisualStudio.TestTools.TestTypes.Unit.UnitTestAdapter, Microsoft.VisualStudio.QualityTools.Tips.UnitTest.Adapter, Version=10.0.0.0, Culture=neutral, PublicKeyToken=b03f5f7f11d50a3a" className="Dominio.Tests.Ao_Criar_Um_Usuario, Dominio.Tests, Version=1.0.0.0, Culture=neutral, PublicKeyToken=null" name="Nome_Senha_Email_Sao_Obrigatorios" />
    </UnitTest>
  </TestDefinitions>
  <TestLists>
    <TestList name="Results Not in a List" id="8c84fa94-04c1-424b-9868-57a2d4851a1d" />
    <TestList name="All Loaded Results" id="19431567-8539-422a-85d7-44ee4e166bda" />
  </TestLists>
  <TestEntries>
    <TestEntry testId="fa401ce8-e7a3-23f6-bacd-fe17daa6c174" executionId="877fc4ff-1ce3-4edf-ab6f-b8822cd44d10" testListId="8c84fa94-04c1-424b-9868-57a2d4851a1d" />
  </TestEntries>
  <Results>
    <UnitTestResult executionId="877fc4ff-1ce3-4edf-ab6f-b8822cd44d10" testId="fa401ce8-e7a3-23f6-bacd-fe17daa6c174" testName="Nome_Senha_Email_Sao_Obrigatorios" computerName="NOTEBOOK" duration="00:01:20.3961143" startTime="2012-01-13T22:39:19.5085441-02:00" endTime="2012-01-13T22:40:41.4382302-02:00" testType="13cdc9d9-ddb5-4fa4-a97d-d965ccfc6d4b" outcome="Failed" testListId="8c84fa94-04c1-424b-9868-57a2d4851a1d" relativeResultsDirectory="877fc4ff-1ce3-4edf-ab6f-b8822cd44d10">
      <Output>
        <ErrorInfo>
          <Message>Test method Dominio.Tests.Ao_Criar_Um_Usuario.Nome_Senha_Email_Sao_Obrigatorios threw exception: 
System.EntryPointNotFoundException: Entry point was not found.</Message>
          <StackTrace>    at System.Data.Entity.IDbSet`1.Add(TEntity entity)
   at Dominio.Tests.Ao_Criar_Um_Usuario.Nome_Senha_Email_Sao_Obrigatorios() in E:\Junior\IVIA\Dojo\TestabilityEF4\Dominio.Tests\UsuarioTests.cs:line 34
</StackTrace>
        </ErrorInfo>
      </Output>
    </UnitTestResult>
  </Results>
</TestRun>